{"cpus":4,"level":"info","message":"Info CLUSTER_MASTER_START","nodeVersion":"v22.16.0","pid":16048,"timestamp":"2025-09-09T10:26:00.105Z"}
{"level":"info","message":"Info WORKER_FORKED","pid":14976,"timestamp":"2025-09-09T10:26:00.143Z","workerId":1}
{"level":"info","message":"Info WORKER_FORKED","pid":14644,"timestamp":"2025-09-09T10:26:00.158Z","workerId":2}
{"level":"info","message":"Info WORKER_FORKED","pid":12524,"timestamp":"2025-09-09T10:26:00.173Z","workerId":3}
{"level":"info","message":"Info WORKER_FORKED","pid":6504,"timestamp":"2025-09-09T10:26:00.193Z","workerId":4}
{"level":"info","message":"Info CLUSTER_WORKER_START","pid":6504,"timestamp":"2025-09-09T10:26:01.077Z","workerId":4}
{"level":"info","message":"Info CLUSTER_WORKER_START","pid":12524,"timestamp":"2025-09-09T10:26:01.072Z","workerId":3}
{"level":"info","message":"Info CLUSTER_WORKER_START","pid":14976,"timestamp":"2025-09-09T10:26:01.072Z","workerId":1}
{"level":"info","message":"Info CLUSTER_WORKER_START","pid":14644,"timestamp":"2025-09-09T10:26:01.077Z","workerId":2}
{"activeWorkers":4,"level":"info","memoryUsage":{"arrayBuffers":12695,"external":1906256,"heapTotal":8712192,"heapUsed":6615008,"rss":51265536},"message":"Info CLUSTER_HEALTH_CHECK","restartCount":0,"timestamp":"2025-09-09T10:26:30.204Z","totalWorkers":4,"uptime":30.5404793}
{"activeWorkers":4,"level":"info","memoryUsage":{"arrayBuffers":12695,"external":1906296,"heapTotal":8712192,"heapUsed":6670824,"rss":51302400},"message":"Info CLUSTER_HEALTH_CHECK","restartCount":0,"timestamp":"2025-09-09T10:27:00.205Z","totalWorkers":4,"uptime":60.5412324}
{"activeWorkers":4,"level":"info","memoryUsage":{"arrayBuffers":12695,"external":1906296,"heapTotal":8712192,"heapUsed":6700328,"rss":51331072},"message":"Info CLUSTER_HEALTH_CHECK","restartCount":0,"timestamp":"2025-09-09T10:27:30.219Z","totalWorkers":4,"uptime":90.5547804}
{"activeWorkers":4,"level":"info","memoryUsage":{"arrayBuffers":12695,"external":1906296,"heapTotal":8712192,"heapUsed":6729536,"rss":51359744},"message":"Info CLUSTER_HEALTH_CHECK","restartCount":0,"timestamp":"2025-09-09T10:28:00.229Z","totalWorkers":4,"uptime":120.5654652}
{"activeWorkers":4,"level":"info","memoryUsage":{"arrayBuffers":12695,"external":1906296,"heapTotal":8712192,"heapUsed":6792120,"rss":51412992},"message":"Info CLUSTER_HEALTH_CHECK","restartCount":0,"timestamp":"2025-09-09T10:28:30.232Z","totalWorkers":4,"uptime":150.5677963}
{"activeWorkers":4,"level":"info","memoryUsage":{"arrayBuffers":12695,"external":1906296,"heapTotal":8712192,"heapUsed":6822392,"rss":51445760},"message":"Info CLUSTER_HEALTH_CHECK","restartCount":0,"timestamp":"2025-09-09T10:29:00.246Z","totalWorkers":4,"uptime":180.5817383}
{"activeWorkers":4,"level":"info","memoryUsage":{"arrayBuffers":12695,"external":1906296,"heapTotal":8712192,"heapUsed":6843808,"rss":51466240},"message":"Info CLUSTER_HEALTH_CHECK","restartCount":0,"timestamp":"2025-09-09T10:29:30.248Z","totalWorkers":4,"uptime":210.5839829}
{"activeWorkers":4,"level":"info","memoryUsage":{"arrayBuffers":12695,"external":1906296,"heapTotal":8712192,"heapUsed":6872248,"rss":51490816},"message":"Info CLUSTER_HEALTH_CHECK","restartCount":0,"timestamp":"2025-09-09T10:30:00.253Z","totalWorkers":4,"uptime":240.5894448}
{"activeWorkers":4,"level":"info","memoryUsage":{"arrayBuffers":12695,"external":1906296,"heapTotal":8712192,"heapUsed":6913872,"rss":51539968},"message":"Info CLUSTER_HEALTH_CHECK","restartCount":0,"timestamp":"2025-09-09T10:30:30.262Z","totalWorkers":4,"uptime":270.5984331}
{"activeWorkers":4,"level":"info","memoryUsage":{"arrayBuffers":12695,"external":1906296,"heapTotal":8712192,"heapUsed":6943136,"rss":51609600},"message":"Info CLUSTER_HEALTH_CHECK","restartCount":0,"timestamp":"2025-09-09T10:31:00.275Z","totalWorkers":4,"uptime":300.611662}
{"activeWorkers":4,"level":"info","memoryUsage":{"arrayBuffers":12695,"external":1906296,"heapTotal":8712192,"heapUsed":6964088,"rss":51630080},"message":"Info CLUSTER_HEALTH_CHECK","restartCount":0,"timestamp":"2025-09-09T10:31:30.284Z","totalWorkers":4,"uptime":330.620401}
{"activeWorkers":4,"level":"info","memoryUsage":{"arrayBuffers":12695,"external":1906296,"heapTotal":8712192,"heapUsed":6990696,"rss":51654656},"message":"Info CLUSTER_HEALTH_CHECK","restartCount":0,"timestamp":"2025-09-09T10:32:00.294Z","totalWorkers":4,"uptime":360.6305958}
{"activeWorkers":4,"level":"info","memoryUsage":{"arrayBuffers":12695,"external":1906296,"heapTotal":8712192,"heapUsed":7012232,"rss":51675136},"message":"Info CLUSTER_HEALTH_CHECK","restartCount":0,"timestamp":"2025-09-09T10:32:30.309Z","totalWorkers":4,"uptime":390.6453852}
{"activeWorkers":4,"level":"info","memoryUsage":{"arrayBuffers":12695,"external":1906296,"heapTotal":8712192,"heapUsed":7033160,"rss":51658752},"message":"Info CLUSTER_HEALTH_CHECK","restartCount":0,"timestamp":"2025-09-09T10:33:00.316Z","totalWorkers":4,"uptime":420.6525608}
{"activeWorkers":4,"level":"info","memoryUsage":{"arrayBuffers":12695,"external":1906296,"heapTotal":8712192,"heapUsed":7053792,"rss":51679232},"message":"Info CLUSTER_HEALTH_CHECK","restartCount":0,"timestamp":"2025-09-09T10:33:30.318Z","totalWorkers":4,"uptime":450.6544557}
{"activeWorkers":4,"level":"info","memoryUsage":{"arrayBuffers":12695,"external":1906296,"heapTotal":8712192,"heapUsed":7074400,"rss":51699712},"message":"Info CLUSTER_HEALTH_CHECK","restartCount":0,"timestamp":"2025-09-09T10:34:00.329Z","totalWorkers":4,"uptime":480.6654708}
{"activeWorkers":4,"level":"info","memoryUsage":{"arrayBuffers":12695,"external":1906296,"heapTotal":8712192,"heapUsed":7095008,"rss":51720192},"message":"Info CLUSTER_HEALTH_CHECK","restartCount":0,"timestamp":"2025-09-09T10:34:30.335Z","totalWorkers":4,"uptime":510.6709826}
{"activeWorkers":4,"level":"info","memoryUsage":{"arrayBuffers":12695,"external":1906296,"heapTotal":8712192,"heapUsed":7115664,"rss":51740672},"message":"Info CLUSTER_HEALTH_CHECK","restartCount":0,"timestamp":"2025-09-09T10:35:00.338Z","totalWorkers":4,"uptime":540.6743219}
{"activeWorkers":4,"level":"info","memoryUsage":{"arrayBuffers":12695,"external":1906296,"heapTotal":8712192,"heapUsed":7136320,"rss":51761152},"message":"Info CLUSTER_HEALTH_CHECK","restartCount":0,"timestamp":"2025-09-09T10:35:30.345Z","totalWorkers":4,"uptime":570.6811267}
{"activeWorkers":4,"level":"info","memoryUsage":{"arrayBuffers":12695,"external":1906296,"heapTotal":8712192,"heapUsed":7156928,"rss":51806208},"message":"Info CLUSTER_HEALTH_CHECK","restartCount":0,"timestamp":"2025-09-09T10:36:00.346Z","totalWorkers":4,"uptime":600.6817628}
{"activeWorkers":4,"level":"info","memoryUsage":{"arrayBuffers":12695,"external":1906296,"heapTotal":8712192,"heapUsed":7177560,"rss":51826688},"message":"Info CLUSTER_HEALTH_CHECK","restartCount":0,"timestamp":"2025-09-09T10:36:30.357Z","totalWorkers":4,"uptime":630.6935582}
{"activeWorkers":4,"level":"info","memoryUsage":{"arrayBuffers":12695,"external":1906296,"heapTotal":8712192,"heapUsed":7198168,"rss":51847168},"message":"Info CLUSTER_HEALTH_CHECK","restartCount":0,"timestamp":"2025-09-09T10:37:00.363Z","totalWorkers":4,"uptime":660.6989999}
{"activeWorkers":4,"level":"info","memoryUsage":{"arrayBuffers":12695,"external":1906296,"heapTotal":8712192,"heapUsed":7218776,"rss":51843072},"message":"Info CLUSTER_HEALTH_CHECK","restartCount":0,"timestamp":"2025-09-09T10:37:30.372Z","totalWorkers":4,"uptime":690.7078255}
{"activeWorkers":4,"level":"info","memoryUsage":{"arrayBuffers":12695,"external":1906296,"heapTotal":8712192,"heapUsed":7239384,"rss":51863552},"message":"Info CLUSTER_HEALTH_CHECK","restartCount":0,"timestamp":"2025-09-09T10:38:00.375Z","totalWorkers":4,"uptime":720.7112938}
{"activeWorkers":4,"level":"info","memoryUsage":{"arrayBuffers":12695,"external":1906296,"heapTotal":8712192,"heapUsed":7260200,"rss":51884032},"message":"Info CLUSTER_HEALTH_CHECK","restartCount":0,"timestamp":"2025-09-09T10:38:30.375Z","totalWorkers":4,"uptime":750.7112613}
{"activeWorkers":4,"level":"info","memoryUsage":{"arrayBuffers":20887,"external":1914488,"heapTotal":8712192,"heapUsed":7281080,"rss":51904512},"message":"Info CLUSTER_HEALTH_CHECK","restartCount":0,"timestamp":"2025-09-09T10:39:00.382Z","totalWorkers":4,"uptime":780.7180557}
{"activeWorkers":4,"level":"info","memoryUsage":{"arrayBuffers":20887,"external":1914488,"heapTotal":8712192,"heapUsed":7301784,"rss":51924992},"message":"Info CLUSTER_HEALTH_CHECK","restartCount":0,"timestamp":"2025-09-09T10:39:30.387Z","totalWorkers":4,"uptime":810.7229716}
{"activeWorkers":4,"level":"info","memoryUsage":{"arrayBuffers":20887,"external":1914488,"heapTotal":8712192,"heapUsed":7322392,"rss":51945472},"message":"Info CLUSTER_HEALTH_CHECK","restartCount":0,"timestamp":"2025-09-09T10:40:00.398Z","totalWorkers":4,"uptime":840.7341913}
{"activeWorkers":4,"level":"info","memoryUsage":{"arrayBuffers":20887,"external":1914488,"heapTotal":8712192,"heapUsed":7343000,"rss":51965952},"message":"Info CLUSTER_HEALTH_CHECK","restartCount":0,"timestamp":"2025-09-09T10:40:30.409Z","totalWorkers":4,"uptime":870.7453931}
{"activeWorkers":4,"level":"info","memoryUsage":{"arrayBuffers":20887,"external":1914488,"heapTotal":8712192,"heapUsed":7363656,"rss":51986432},"message":"Info CLUSTER_HEALTH_CHECK","restartCount":0,"timestamp":"2025-09-09T10:41:00.410Z","totalWorkers":4,"uptime":900.7466166}
{"activeWorkers":4,"level":"info","memoryUsage":{"arrayBuffers":20887,"external":1914488,"heapTotal":8712192,"heapUsed":7384312,"rss":52006912},"message":"Info CLUSTER_HEALTH_CHECK","restartCount":0,"timestamp":"2025-09-09T10:41:30.412Z","totalWorkers":4,"uptime":930.7484169}
{"activeWorkers":4,"level":"info","memoryUsage":{"arrayBuffers":20887,"external":1914488,"heapTotal":8712192,"heapUsed":7404920,"rss":52027392},"message":"Info CLUSTER_HEALTH_CHECK","restartCount":0,"timestamp":"2025-09-09T10:42:00.422Z","totalWorkers":4,"uptime":960.7579991}
{"activeWorkers":4,"level":"info","memoryUsage":{"arrayBuffers":20887,"external":1914488,"heapTotal":8712192,"heapUsed":7425528,"rss":52047872},"message":"Info CLUSTER_HEALTH_CHECK","restartCount":0,"timestamp":"2025-09-09T10:42:30.428Z","totalWorkers":4,"uptime":990.763751}
{"activeWorkers":4,"level":"info","memoryUsage":{"arrayBuffers":20887,"external":1914488,"heapTotal":8712192,"heapUsed":7446184,"rss":52068352},"message":"Info CLUSTER_HEALTH_CHECK","restartCount":0,"timestamp":"2025-09-09T10:43:00.436Z","totalWorkers":4,"uptime":1020.771853}
{"activeWorkers":4,"level":"info","memoryUsage":{"arrayBuffers":20887,"external":1914488,"heapTotal":8712192,"heapUsed":7466840,"rss":52088832},"message":"Info CLUSTER_HEALTH_CHECK","restartCount":0,"timestamp":"2025-09-09T10:43:30.450Z","totalWorkers":4,"uptime":1050.7864176}
{"activeWorkers":4,"level":"info","memoryUsage":{"arrayBuffers":20887,"external":1914488,"heapTotal":8712192,"heapUsed":7487448,"rss":52109312},"message":"Info CLUSTER_HEALTH_CHECK","restartCount":0,"timestamp":"2025-09-09T10:44:00.452Z","totalWorkers":4,"uptime":1080.7883294}
{"activeWorkers":4,"level":"info","memoryUsage":{"arrayBuffers":20887,"external":1914488,"heapTotal":8712192,"heapUsed":7508056,"rss":52129792},"message":"Info CLUSTER_HEALTH_CHECK","restartCount":0,"timestamp":"2025-09-09T10:44:30.452Z","totalWorkers":4,"uptime":1110.7884967}
{"activeWorkers":4,"level":"info","memoryUsage":{"arrayBuffers":20887,"external":1914488,"heapTotal":8712192,"heapUsed":7528720,"rss":52150272},"message":"Info CLUSTER_HEALTH_CHECK","restartCount":0,"timestamp":"2025-09-09T10:45:00.453Z","totalWorkers":4,"uptime":1140.7889266}
{"activeWorkers":4,"level":"info","memoryUsage":{"arrayBuffers":20887,"external":1914488,"heapTotal":8712192,"heapUsed":7549376,"rss":52170752},"message":"Info CLUSTER_HEALTH_CHECK","restartCount":0,"timestamp":"2025-09-09T10:45:30.455Z","totalWorkers":4,"uptime":1170.7912239}
{"activeWorkers":4,"level":"info","memoryUsage":{"arrayBuffers":20887,"external":1914488,"heapTotal":8712192,"heapUsed":7569984,"rss":52191232},"message":"Info CLUSTER_HEALTH_CHECK","restartCount":0,"timestamp":"2025-09-09T10:46:00.456Z","totalWorkers":4,"uptime":1200.791958}
{"activeWorkers":4,"level":"info","memoryUsage":{"arrayBuffers":20887,"external":1914488,"heapTotal":9760768,"heapUsed":6754832,"rss":52269056},"message":"Info CLUSTER_HEALTH_CHECK","restartCount":0,"timestamp":"2025-09-09T10:46:30.463Z","totalWorkers":4,"uptime":1230.7989198}
{"activeWorkers":4,"level":"info","memoryUsage":{"arrayBuffers":20887,"external":1914488,"heapTotal":9760768,"heapUsed":6775464,"rss":52285440},"message":"Info CLUSTER_HEALTH_CHECK","restartCount":0,"timestamp":"2025-09-09T10:47:00.465Z","totalWorkers":4,"uptime":1260.8016641}
{"activeWorkers":4,"level":"info","memoryUsage":{"arrayBuffers":20887,"external":1914488,"heapTotal":9760768,"heapUsed":6796072,"rss":52305920},"message":"Info CLUSTER_HEALTH_CHECK","restartCount":0,"timestamp":"2025-09-09T10:47:30.481Z","totalWorkers":4,"uptime":1290.8173252}
{"activeWorkers":4,"level":"info","memoryUsage":{"arrayBuffers":20887,"external":1914488,"heapTotal":9760768,"heapUsed":6816680,"rss":52326400},"message":"Info CLUSTER_HEALTH_CHECK","restartCount":0,"timestamp":"2025-09-09T10:48:00.491Z","totalWorkers":4,"uptime":1320.8269574}
{"activeWorkers":4,"level":"info","memoryUsage":{"arrayBuffers":20887,"external":1914488,"heapTotal":9760768,"heapUsed":6837336,"rss":52346880},"message":"Info CLUSTER_HEALTH_CHECK","restartCount":0,"timestamp":"2025-09-09T10:48:30.502Z","totalWorkers":4,"uptime":1350.8377315}
{"activeWorkers":4,"level":"info","memoryUsage":{"arrayBuffers":20887,"external":1914488,"heapTotal":9760768,"heapUsed":6857992,"rss":52367360},"message":"Info CLUSTER_HEALTH_CHECK","restartCount":0,"timestamp":"2025-09-09T10:49:00.514Z","totalWorkers":4,"uptime":1380.8502639}
{"activeWorkers":4,"level":"info","memoryUsage":{"arrayBuffers":20887,"external":1914488,"heapTotal":9760768,"heapUsed":6878600,"rss":52387840},"message":"Info CLUSTER_HEALTH_CHECK","restartCount":0,"timestamp":"2025-09-09T10:49:30.519Z","totalWorkers":4,"uptime":1410.8550272}
{"activeWorkers":4,"level":"info","memoryUsage":{"arrayBuffers":20887,"external":1914488,"heapTotal":9760768,"heapUsed":6899208,"rss":52408320},"message":"Info CLUSTER_HEALTH_CHECK","restartCount":0,"timestamp":"2025-09-09T10:50:00.528Z","totalWorkers":4,"uptime":1440.8648689}
{"activeWorkers":4,"level":"info","memoryUsage":{"arrayBuffers":20887,"external":1914488,"heapTotal":9760768,"heapUsed":6919864,"rss":52428800},"message":"Info CLUSTER_HEALTH_CHECK","restartCount":0,"timestamp":"2025-09-09T10:50:30.541Z","totalWorkers":4,"uptime":1470.8776929}
{"activeWorkers":4,"level":"info","memoryUsage":{"arrayBuffers":20887,"external":1914488,"heapTotal":9760768,"heapUsed":6940520,"rss":52449280},"message":"Info CLUSTER_HEALTH_CHECK","restartCount":0,"timestamp":"2025-09-09T10:51:00.550Z","totalWorkers":4,"uptime":1500.8862112}
{"activeWorkers":4,"level":"info","memoryUsage":{"arrayBuffers":20887,"external":1914488,"heapTotal":9760768,"heapUsed":6961128,"rss":52469760},"message":"Info CLUSTER_HEALTH_CHECK","restartCount":0,"timestamp":"2025-09-09T10:51:30.560Z","totalWorkers":4,"uptime":1530.8965977}
{"activeWorkers":4,"level":"info","memoryUsage":{"arrayBuffers":29079,"external":1922680,"heapTotal":9760768,"heapUsed":6981960,"rss":52490240},"message":"Info CLUSTER_HEALTH_CHECK","restartCount":0,"timestamp":"2025-09-09T10:52:00.574Z","totalWorkers":4,"uptime":1560.9103318}
{"activeWorkers":4,"level":"info","memoryUsage":{"arrayBuffers":29079,"external":1922680,"heapTotal":9760768,"heapUsed":7002688,"rss":52506624},"message":"Info CLUSTER_HEALTH_CHECK","restartCount":0,"timestamp":"2025-09-09T10:52:30.589Z","totalWorkers":4,"uptime":1590.9248199}
{"activeWorkers":4,"level":"info","memoryUsage":{"arrayBuffers":29079,"external":1922680,"heapTotal":9760768,"heapUsed":7023368,"rss":52527104},"message":"Info CLUSTER_HEALTH_CHECK","restartCount":0,"timestamp":"2025-09-09T10:53:00.591Z","totalWorkers":4,"uptime":1620.9275311}
{"activeWorkers":4,"level":"info","memoryUsage":{"arrayBuffers":29079,"external":1922680,"heapTotal":9760768,"heapUsed":7044024,"rss":52547584},"message":"Info CLUSTER_HEALTH_CHECK","restartCount":0,"timestamp":"2025-09-09T10:53:30.604Z","totalWorkers":4,"uptime":1650.9400127}
{"activeWorkers":4,"level":"info","memoryUsage":{"arrayBuffers":29079,"external":1922680,"heapTotal":9760768,"heapUsed":7064632,"rss":52568064},"message":"Info CLUSTER_HEALTH_CHECK","restartCount":0,"timestamp":"2025-09-09T10:54:00.612Z","totalWorkers":4,"uptime":1680.9476335}
{"activeWorkers":4,"level":"info","memoryUsage":{"arrayBuffers":29079,"external":1922680,"heapTotal":9760768,"heapUsed":7085240,"rss":52588544},"message":"Info CLUSTER_HEALTH_CHECK","restartCount":0,"timestamp":"2025-09-09T10:54:30.623Z","totalWorkers":4,"uptime":1710.9586622}
{"activeWorkers":4,"level":"info","memoryUsage":{"arrayBuffers":29079,"external":1922680,"heapTotal":9760768,"heapUsed":7105896,"rss":52613120},"message":"Info CLUSTER_HEALTH_CHECK","restartCount":0,"timestamp":"2025-09-09T10:55:00.628Z","totalWorkers":4,"uptime":1740.9644783}
{"activeWorkers":4,"level":"info","memoryUsage":{"arrayBuffers":29079,"external":1922680,"heapTotal":9760768,"heapUsed":7126528,"rss":52633600},"message":"Info CLUSTER_HEALTH_CHECK","restartCount":0,"timestamp":"2025-09-09T10:55:30.633Z","totalWorkers":4,"uptime":1770.9695107}
{"activeWorkers":4,"level":"info","memoryUsage":{"arrayBuffers":29079,"external":1922680,"heapTotal":9760768,"heapUsed":7152560,"rss":52658176},"message":"Info CLUSTER_HEALTH_CHECK","restartCount":0,"timestamp":"2025-09-09T10:56:00.648Z","totalWorkers":4,"uptime":1800.9839504}
{"activeWorkers":4,"level":"info","memoryUsage":{"arrayBuffers":29079,"external":1922680,"heapTotal":9760768,"heapUsed":7176096,"rss":52686848},"message":"Info CLUSTER_HEALTH_CHECK","restartCount":0,"timestamp":"2025-09-09T10:56:30.660Z","totalWorkers":4,"uptime":1830.9961503}
{"activeWorkers":4,"level":"info","memoryUsage":{"arrayBuffers":29079,"external":1922680,"heapTotal":9760768,"heapUsed":7196752,"rss":52707328},"message":"Info CLUSTER_HEALTH_CHECK","restartCount":0,"timestamp":"2025-09-09T10:57:00.668Z","totalWorkers":4,"uptime":1861.0038945}
{"activeWorkers":4,"level":"info","memoryUsage":{"arrayBuffers":29079,"external":1922680,"heapTotal":9760768,"heapUsed":7217408,"rss":52727808},"message":"Info CLUSTER_HEALTH_CHECK","restartCount":0,"timestamp":"2025-09-09T10:57:30.674Z","totalWorkers":4,"uptime":1891.0098908}
{"activeWorkers":4,"level":"info","memoryUsage":{"arrayBuffers":29079,"external":1922680,"heapTotal":9760768,"heapUsed":7238016,"rss":52748288},"message":"Info CLUSTER_HEALTH_CHECK","restartCount":0,"timestamp":"2025-09-09T10:58:00.677Z","totalWorkers":4,"uptime":1921.0130127}
{"activeWorkers":4,"level":"info","memoryUsage":{"arrayBuffers":29079,"external":1922680,"heapTotal":9760768,"heapUsed":7258624,"rss":52768768},"message":"Info CLUSTER_HEALTH_CHECK","restartCount":0,"timestamp":"2025-09-09T10:58:30.687Z","totalWorkers":4,"uptime":1951.0233382}
{"activeWorkers":4,"level":"info","memoryUsage":{"arrayBuffers":29079,"external":1922680,"heapTotal":9760768,"heapUsed":7279288,"rss":52785152},"message":"Info CLUSTER_HEALTH_CHECK","restartCount":0,"timestamp":"2025-09-09T10:59:00.711Z","totalWorkers":4,"uptime":1981.0475987}
{"activeWorkers":4,"level":"info","memoryUsage":{"arrayBuffers":29079,"external":1922680,"heapTotal":9760768,"heapUsed":7299968,"rss":52805632},"message":"Info CLUSTER_HEALTH_CHECK","restartCount":0,"timestamp":"2025-09-09T10:59:30.721Z","totalWorkers":4,"uptime":2011.0570304}
{"activeWorkers":4,"level":"info","memoryUsage":{"arrayBuffers":29079,"external":1922680,"heapTotal":9760768,"heapUsed":7320624,"rss":37769216},"message":"Info CLUSTER_HEALTH_CHECK","restartCount":0,"timestamp":"2025-09-09T11:00:00.733Z","totalWorkers":4,"uptime":2041.0695437}
{"activeWorkers":4,"level":"info","memoryUsage":{"arrayBuffers":29079,"external":1922680,"heapTotal":9760768,"heapUsed":7341232,"rss":20275200},"message":"Info CLUSTER_HEALTH_CHECK","restartCount":0,"timestamp":"2025-09-09T11:00:30.743Z","totalWorkers":4,"uptime":2071.0795468}
{"activeWorkers":4,"level":"info","memoryUsage":{"arrayBuffers":29079,"external":1922680,"heapTotal":9760768,"heapUsed":7361840,"rss":20295680},"message":"Info CLUSTER_HEALTH_CHECK","restartCount":0,"timestamp":"2025-09-09T11:01:00.752Z","totalWorkers":4,"uptime":2101.088433}
{"activeWorkers":4,"level":"info","memoryUsage":{"arrayBuffers":29079,"external":1922680,"heapTotal":9760768,"heapUsed":7382496,"rss":20320256},"message":"Info CLUSTER_HEALTH_CHECK","restartCount":0,"timestamp":"2025-09-09T11:01:30.785Z","totalWorkers":4,"uptime":2131.1214197}
{"activeWorkers":4,"level":"info","memoryUsage":{"arrayBuffers":29079,"external":1922680,"heapTotal":9760768,"heapUsed":7403128,"rss":20340736},"message":"Info CLUSTER_HEALTH_CHECK","restartCount":0,"timestamp":"2025-09-09T11:02:00.797Z","totalWorkers":4,"uptime":2161.1331642}
{"activeWorkers":4,"level":"info","memoryUsage":{"arrayBuffers":29079,"external":1922680,"heapTotal":9760768,"heapUsed":7423736,"rss":20361216},"message":"Info CLUSTER_HEALTH_CHECK","restartCount":0,"timestamp":"2025-09-09T11:02:30.804Z","totalWorkers":4,"uptime":2191.1401803}
{"activeWorkers":4,"level":"info","memoryUsage":{"arrayBuffers":29079,"external":1922680,"heapTotal":9760768,"heapUsed":7444392,"rss":20381696},"message":"Info CLUSTER_HEALTH_CHECK","restartCount":0,"timestamp":"2025-09-09T11:03:00.804Z","totalWorkers":4,"uptime":2221.1397601}
{"activeWorkers":4,"level":"info","memoryUsage":{"arrayBuffers":29079,"external":1922680,"heapTotal":9760768,"heapUsed":7465048,"rss":20402176},"message":"Info CLUSTER_HEALTH_CHECK","restartCount":0,"timestamp":"2025-09-09T11:03:30.815Z","totalWorkers":4,"uptime":2251.1510444}
{"activeWorkers":4,"level":"info","memoryUsage":{"arrayBuffers":29079,"external":1922680,"heapTotal":9760768,"heapUsed":7485656,"rss":20422656},"message":"Info CLUSTER_HEALTH_CHECK","restartCount":0,"timestamp":"2025-09-09T11:04:00.830Z","totalWorkers":4,"uptime":2281.165865}
{"activeWorkers":4,"level":"info","memoryUsage":{"arrayBuffers":29079,"external":1922680,"heapTotal":9760768,"heapUsed":7506264,"rss":20443136},"message":"Info CLUSTER_HEALTH_CHECK","restartCount":0,"timestamp":"2025-09-09T11:04:30.832Z","totalWorkers":4,"uptime":2311.1683689}
{"activeWorkers":4,"level":"info","memoryUsage":{"arrayBuffers":37271,"external":1930872,"heapTotal":9760768,"heapUsed":7527176,"rss":20463616},"message":"Info CLUSTER_HEALTH_CHECK","restartCount":0,"timestamp":"2025-09-09T11:05:00.842Z","totalWorkers":4,"uptime":2341.1781438}
{"activeWorkers":4,"level":"info","memoryUsage":{"arrayBuffers":37271,"external":1930872,"heapTotal":9760768,"heapUsed":7547880,"rss":19243008},"message":"Info CLUSTER_HEALTH_CHECK","restartCount":0,"timestamp":"2025-09-09T11:05:30.856Z","totalWorkers":4,"uptime":2371.1924295}
{"activeWorkers":4,"level":"info","memoryUsage":{"arrayBuffers":37271,"external":1930872,"heapTotal":9760768,"heapUsed":7568488,"rss":19263488},"message":"Info CLUSTER_HEALTH_CHECK","restartCount":0,"timestamp":"2025-09-09T11:06:00.868Z","totalWorkers":4,"uptime":2401.2042311}
{"activeWorkers":4,"level":"info","memoryUsage":{"arrayBuffers":20887,"external":1930872,"heapTotal":8712192,"heapUsed":6765464,"rss":19673088},"message":"Info CLUSTER_HEALTH_CHECK","restartCount":0,"timestamp":"2025-09-09T11:06:30.878Z","totalWorkers":4,"uptime":2431.2144105}
{"activeWorkers":4,"level":"info","memoryUsage":{"arrayBuffers":20887,"external":1930872,"heapTotal":8712192,"heapUsed":6786168,"rss":19685376},"message":"Info CLUSTER_HEALTH_CHECK","restartCount":0,"timestamp":"2025-09-09T11:07:00.891Z","totalWorkers":4,"uptime":2461.2269377}
{"activeWorkers":4,"level":"info","memoryUsage":{"arrayBuffers":20887,"external":1930872,"heapTotal":8712192,"heapUsed":6808144,"rss":19959808},"message":"Info CLUSTER_HEALTH_CHECK","restartCount":0,"timestamp":"2025-09-09T11:07:30.894Z","totalWorkers":4,"uptime":2491.2305753}
{"activeWorkers":4,"level":"info","memoryUsage":{"arrayBuffers":20887,"external":1930872,"heapTotal":8712192,"heapUsed":6828752,"rss":19963904},"message":"Info CLUSTER_HEALTH_CHECK","restartCount":0,"timestamp":"2025-09-09T11:08:00.899Z","totalWorkers":4,"uptime":2521.2349992}
{"activeWorkers":4,"level":"info","memoryUsage":{"arrayBuffers":20887,"external":1930872,"heapTotal":8712192,"heapUsed":6849360,"rss":19976192},"message":"Info CLUSTER_HEALTH_CHECK","restartCount":0,"timestamp":"2025-09-09T11:08:30.903Z","totalWorkers":4,"uptime":2551.2392441}
{"activeWorkers":4,"level":"info","memoryUsage":{"arrayBuffers":20887,"external":1930872,"heapTotal":8712192,"heapUsed":6869968,"rss":19988480},"message":"Info CLUSTER_HEALTH_CHECK","restartCount":0,"timestamp":"2025-09-09T11:09:00.914Z","totalWorkers":4,"uptime":2581.249926}
{"activeWorkers":4,"level":"info","memoryUsage":{"arrayBuffers":20887,"external":1930872,"heapTotal":8712192,"heapUsed":6890600,"rss":19988480},"message":"Info CLUSTER_HEALTH_CHECK","restartCount":0,"timestamp":"2025-09-09T11:09:30.925Z","totalWorkers":4,"uptime":2611.2613458}
{"activeWorkers":4,"level":"info","memoryUsage":{"arrayBuffers":20887,"external":1930872,"heapTotal":8712192,"heapUsed":6911232,"rss":20000768},"message":"Info CLUSTER_HEALTH_CHECK","restartCount":0,"timestamp":"2025-09-09T11:10:00.935Z","totalWorkers":4,"uptime":2641.2713557}
{"activeWorkers":4,"level":"info","memoryUsage":{"arrayBuffers":20887,"external":1930872,"heapTotal":8712192,"heapUsed":6931888,"rss":20004864},"message":"Info CLUSTER_HEALTH_CHECK","restartCount":0,"timestamp":"2025-09-09T11:10:30.949Z","totalWorkers":4,"uptime":2671.284761}
{"activeWorkers":4,"level":"info","memoryUsage":{"arrayBuffers":20887,"external":1930872,"heapTotal":8712192,"heapUsed":6952544,"rss":20017152},"message":"Info CLUSTER_HEALTH_CHECK","restartCount":0,"timestamp":"2025-09-09T11:11:00.956Z","totalWorkers":4,"uptime":2701.2926292}
{"activeWorkers":4,"level":"info","memoryUsage":{"arrayBuffers":20887,"external":1930872,"heapTotal":8712192,"heapUsed":6973200,"rss":20025344},"message":"Info CLUSTER_HEALTH_CHECK","restartCount":0,"timestamp":"2025-09-09T11:11:30.957Z","totalWorkers":4,"uptime":2731.2929772}
{"activeWorkers":4,"level":"info","memoryUsage":{"arrayBuffers":20887,"external":1930872,"heapTotal":8712192,"heapUsed":6993832,"rss":20033536},"message":"Info CLUSTER_HEALTH_CHECK","restartCount":0,"timestamp":"2025-09-09T11:12:00.968Z","totalWorkers":4,"uptime":2761.3039803}
{"activeWorkers":4,"level":"info","memoryUsage":{"arrayBuffers":20887,"external":1930872,"heapTotal":8712192,"heapUsed":7014488,"rss":20049920},"message":"Info CLUSTER_HEALTH_CHECK","restartCount":0,"timestamp":"2025-09-09T11:12:30.970Z","totalWorkers":4,"uptime":2791.3064389}
{"activeWorkers":4,"level":"info","memoryUsage":{"arrayBuffers":20887,"external":1930872,"heapTotal":8712192,"heapUsed":7035168,"rss":20066304},"message":"Info CLUSTER_HEALTH_CHECK","restartCount":0,"timestamp":"2025-09-09T11:13:00.971Z","totalWorkers":4,"uptime":2821.3066735}
{"activeWorkers":4,"level":"info","memoryUsage":{"arrayBuffers":20887,"external":1930872,"heapTotal":8712192,"heapUsed":7055848,"rss":20086784},"message":"Info CLUSTER_HEALTH_CHECK","restartCount":0,"timestamp":"2025-09-09T11:13:30.976Z","totalWorkers":4,"uptime":2851.3123718}
{"activeWorkers":4,"level":"info","memoryUsage":{"arrayBuffers":20887,"external":1930872,"heapTotal":8712192,"heapUsed":7076504,"rss":20115456},"message":"Info CLUSTER_HEALTH_CHECK","restartCount":0,"timestamp":"2025-09-09T11:14:00.981Z","totalWorkers":4,"uptime":2881.3168574}
{"activeWorkers":4,"level":"info","memoryUsage":{"arrayBuffers":20887,"external":1930872,"heapTotal":8712192,"heapUsed":7097888,"rss":20189184},"message":"Info CLUSTER_HEALTH_CHECK","restartCount":0,"timestamp":"2025-09-09T11:14:30.984Z","totalWorkers":4,"uptime":2911.3200359}
{"activeWorkers":4,"level":"info","memoryUsage":{"arrayBuffers":20887,"external":1930872,"heapTotal":8712192,"heapUsed":7118576,"rss":20217856},"message":"Info CLUSTER_HEALTH_CHECK","restartCount":0,"timestamp":"2025-09-09T11:15:00.987Z","totalWorkers":4,"uptime":2941.3236189}
{"activeWorkers":4,"level":"info","memoryUsage":{"arrayBuffers":20887,"external":1930872,"heapTotal":8712192,"heapUsed":7139208,"rss":20238336},"message":"Info CLUSTER_HEALTH_CHECK","restartCount":0,"timestamp":"2025-09-09T11:15:30.994Z","totalWorkers":4,"uptime":2971.3305652}
{"activeWorkers":4,"level":"info","memoryUsage":{"arrayBuffers":20887,"external":1930872,"heapTotal":8712192,"heapUsed":7159816,"rss":20258816},"message":"Info CLUSTER_HEALTH_CHECK","restartCount":0,"timestamp":"2025-09-09T11:16:00.999Z","totalWorkers":4,"uptime":3001.3351365}
{"activeWorkers":4,"level":"info","memoryUsage":{"arrayBuffers":20887,"external":1930872,"heapTotal":8712192,"heapUsed":7180424,"rss":20279296},"message":"Info CLUSTER_HEALTH_CHECK","restartCount":0,"timestamp":"2025-09-09T11:16:31.011Z","totalWorkers":4,"uptime":3031.3469004}
{"activeWorkers":4,"level":"info","memoryUsage":{"arrayBuffers":20887,"external":1930872,"heapTotal":8712192,"heapUsed":7201080,"rss":20299776},"message":"Info CLUSTER_HEALTH_CHECK","restartCount":0,"timestamp":"2025-09-09T11:17:01.018Z","totalWorkers":4,"uptime":3061.3545828}
{"activeWorkers":4,"level":"info","memoryUsage":{"arrayBuffers":20887,"external":1930872,"heapTotal":8712192,"heapUsed":7221736,"rss":20320256},"message":"Info CLUSTER_HEALTH_CHECK","restartCount":0,"timestamp":"2025-09-09T11:17:31.033Z","totalWorkers":4,"uptime":3091.369498}
{"activeWorkers":4,"level":"info","memoryUsage":{"arrayBuffers":29079,"external":1922680,"heapTotal":8712192,"heapUsed":7242568,"rss":20340736},"message":"Info CLUSTER_HEALTH_CHECK","restartCount":0,"timestamp":"2025-09-09T11:18:01.047Z","totalWorkers":4,"uptime":3121.3835143}
{"activeWorkers":4,"level":"info","memoryUsage":{"arrayBuffers":29079,"external":1922680,"heapTotal":8712192,"heapUsed":7263176,"rss":20361216},"message":"Info CLUSTER_HEALTH_CHECK","restartCount":0,"timestamp":"2025-09-09T11:18:31.053Z","totalWorkers":4,"uptime":3151.3893215}
{"activeWorkers":4,"level":"info","memoryUsage":{"arrayBuffers":29079,"external":1922680,"heapTotal":8712192,"heapUsed":7283840,"rss":20377600},"message":"Info CLUSTER_HEALTH_CHECK","restartCount":0,"timestamp":"2025-09-09T11:19:01.061Z","totalWorkers":4,"uptime":3181.3971825}
{"activeWorkers":4,"level":"info","memoryUsage":{"arrayBuffers":29079,"external":1922680,"heapTotal":8712192,"heapUsed":7304520,"rss":20398080},"message":"Info CLUSTER_HEALTH_CHECK","restartCount":0,"timestamp":"2025-09-09T11:19:31.076Z","totalWorkers":4,"uptime":3211.4125709}
{"activeWorkers":4,"level":"info","memoryUsage":{"arrayBuffers":29079,"external":1922680,"heapTotal":8712192,"heapUsed":7325176,"rss":20418560},"message":"Info CLUSTER_HEALTH_CHECK","restartCount":0,"timestamp":"2025-09-09T11:20:01.077Z","totalWorkers":4,"uptime":3241.4130596}
{"activeWorkers":4,"level":"info","memoryUsage":{"arrayBuffers":29079,"external":1922680,"heapTotal":8712192,"heapUsed":7347448,"rss":20684800},"message":"Info CLUSTER_HEALTH_CHECK","restartCount":0,"timestamp":"2025-09-09T11:20:31.077Z","totalWorkers":4,"uptime":3271.413562}
{"activeWorkers":4,"level":"info","memoryUsage":{"arrayBuffers":29079,"external":1922680,"heapTotal":8712192,"heapUsed":7368056,"rss":20705280},"message":"Info CLUSTER_HEALTH_CHECK","restartCount":0,"timestamp":"2025-09-09T11:21:01.086Z","totalWorkers":4,"uptime":3301.4220955}
{"activeWorkers":4,"level":"info","memoryUsage":{"arrayBuffers":29079,"external":1922680,"heapTotal":8712192,"heapUsed":7388712,"rss":20729856},"message":"Info CLUSTER_HEALTH_CHECK","restartCount":0,"timestamp":"2025-09-09T11:21:31.101Z","totalWorkers":4,"uptime":3331.4365529}
{"activeWorkers":4,"level":"info","memoryUsage":{"arrayBuffers":29079,"external":1922680,"heapTotal":8712192,"heapUsed":7409344,"rss":20750336},"message":"Info CLUSTER_HEALTH_CHECK","restartCount":0,"timestamp":"2025-09-09T11:22:01.106Z","totalWorkers":4,"uptime":3361.4423681}
{"activeWorkers":4,"level":"info","memoryUsage":{"arrayBuffers":29079,"external":1922680,"heapTotal":8712192,"heapUsed":7429952,"rss":20770816},"message":"Info CLUSTER_HEALTH_CHECK","restartCount":0,"timestamp":"2025-09-09T11:22:31.108Z","totalWorkers":4,"uptime":3391.4441967}
{"activeWorkers":4,"level":"info","memoryUsage":{"arrayBuffers":29079,"external":1922680,"heapTotal":8712192,"heapUsed":7450608,"rss":20795392},"message":"Info CLUSTER_HEALTH_CHECK","restartCount":0,"timestamp":"2025-09-09T11:23:01.112Z","totalWorkers":4,"uptime":3421.4479297}
{"activeWorkers":4,"level":"info","memoryUsage":{"arrayBuffers":29079,"external":1922680,"heapTotal":8712192,"heapUsed":7471240,"rss":20815872},"message":"Info CLUSTER_HEALTH_CHECK","restartCount":0,"timestamp":"2025-09-09T11:23:31.123Z","totalWorkers":4,"uptime":3451.4594096}
{"activeWorkers":4,"level":"info","memoryUsage":{"arrayBuffers":29079,"external":1922680,"heapTotal":8712192,"heapUsed":7491848,"rss":20836352},"message":"Info CLUSTER_HEALTH_CHECK","restartCount":0,"timestamp":"2025-09-09T11:24:01.139Z","totalWorkers":4,"uptime":3481.4759097}
{"activeWorkers":4,"level":"info","memoryUsage":{"arrayBuffers":29079,"external":1922680,"heapTotal":8712192,"heapUsed":7512504,"rss":20856832},"message":"Info CLUSTER_HEALTH_CHECK","restartCount":0,"timestamp":"2025-09-09T11:24:31.138Z","totalWorkers":4,"uptime":3511.4748045}
{"activeWorkers":4,"level":"info","memoryUsage":{"arrayBuffers":29079,"external":1922680,"heapTotal":8712192,"heapUsed":7533160,"rss":20877312},"message":"Info CLUSTER_HEALTH_CHECK","restartCount":0,"timestamp":"2025-09-09T11:25:01.142Z","totalWorkers":4,"uptime":3541.478878}
{"activeWorkers":4,"level":"info","memoryUsage":{"arrayBuffers":29079,"external":1922680,"heapTotal":8712192,"heapUsed":7553784,"rss":20897792},"message":"Info CLUSTER_HEALTH_CHECK","restartCount":0,"timestamp":"2025-09-09T11:25:31.152Z","totalWorkers":4,"uptime":3571.4887135}
{"activeWorkers":4,"level":"info","memoryUsage":{"arrayBuffers":29079,"external":1922680,"heapTotal":8712192,"heapUsed":7574392,"rss":20918272},"message":"Info CLUSTER_HEALTH_CHECK","restartCount":0,"timestamp":"2025-09-09T11:26:01.158Z","totalWorkers":4,"uptime":3601.4940056}
{"error":"Redis client not ready","level":"error","message":"Error","service":"token-blacklist","timestamp":"2025-09-09T11:26:03.841Z"}
{"error":"Redis client unavailable for token blacklist","level":"error","message":"Error","timestamp":"2025-09-09T11:26:03.978Z"}
{"error":"Redis client not ready","level":"error","message":"Error","service":"token-blacklist","timestamp":"2025-09-09T11:26:03.960Z"}
{"error":"Redis client unavailable for token blacklist","level":"error","message":"Error","timestamp":"2025-09-09T11:26:04.055Z"}
{"error":"Redis client not ready","level":"error","message":"Error","service":"token-blacklist","timestamp":"2025-09-09T11:26:03.963Z"}
{"error":"Redis client unavailable for token blacklist","level":"error","message":"Error","timestamp":"2025-09-09T11:26:04.077Z"}
{"error":"Redis client not ready","level":"error","message":"Error","service":"token-blacklist","timestamp":"2025-09-09T11:26:04.164Z"}
{"error":"Redis client unavailable for token blacklist","level":"error","message":"Error","timestamp":"2025-09-09T11:26:04.239Z"}
{"activeWorkers":4,"level":"info","memoryUsage":{"arrayBuffers":29079,"external":1922680,"heapTotal":8712192,"heapUsed":7595048,"rss":20938752},"message":"Info CLUSTER_HEALTH_CHECK","restartCount":0,"timestamp":"2025-09-09T11:26:31.165Z","totalWorkers":4,"uptime":3631.5007259}
{"activeWorkers":4,"level":"info","memoryUsage":{"arrayBuffers":20887,"external":1922680,"heapTotal":8712192,"heapUsed":6799552,"rss":21037056},"message":"Info CLUSTER_HEALTH_CHECK","restartCount":0,"timestamp":"2025-09-09T11:27:01.179Z","totalWorkers":4,"uptime":3661.5146425}
{"activeWorkers":4,"level":"info","memoryUsage":{"arrayBuffers":20887,"external":1922680,"heapTotal":8712192,"heapUsed":6820184,"rss":21037056},"message":"Info CLUSTER_HEALTH_CHECK","restartCount":0,"timestamp":"2025-09-09T11:27:31.183Z","totalWorkers":4,"uptime":3691.5192764}
{"activeWorkers":4,"level":"info","memoryUsage":{"arrayBuffers":20887,"external":1922680,"heapTotal":8712192,"heapUsed":6840816,"rss":21045248},"message":"Info CLUSTER_HEALTH_CHECK","restartCount":0,"timestamp":"2025-09-09T11:28:01.190Z","totalWorkers":4,"uptime":3721.5265973}
{"activeWorkers":4,"level":"info","memoryUsage":{"arrayBuffers":20887,"external":1922680,"heapTotal":8712192,"heapUsed":6861424,"rss":21065728},"message":"Info CLUSTER_HEALTH_CHECK","restartCount":0,"timestamp":"2025-09-09T11:28:31.205Z","totalWorkers":4,"uptime":3751.5418915}
{"activeWorkers":4,"level":"info","memoryUsage":{"arrayBuffers":20887,"external":1922680,"heapTotal":8712192,"heapUsed":6882080,"rss":21086208},"message":"Info CLUSTER_HEALTH_CHECK","restartCount":0,"timestamp":"2025-09-09T11:29:01.213Z","totalWorkers":4,"uptime":3781.5493372}
{"activeWorkers":4,"level":"info","memoryUsage":{"arrayBuffers":20887,"external":1922680,"heapTotal":8712192,"heapUsed":6902736,"rss":21106688},"message":"Info CLUSTER_HEALTH_CHECK","restartCount":0,"timestamp":"2025-09-09T11:29:31.224Z","totalWorkers":4,"uptime":3811.5600121}
{"activeWorkers":4,"level":"info","memoryUsage":{"arrayBuffers":20887,"external":1922680,"heapTotal":8712192,"heapUsed":6923344,"rss":21127168},"message":"Info CLUSTER_HEALTH_CHECK","restartCount":0,"timestamp":"2025-09-09T11:30:01.235Z","totalWorkers":4,"uptime":3841.5713217}
{"activeWorkers":4,"level":"info","memoryUsage":{"arrayBuffers":20887,"external":1922680,"heapTotal":8712192,"heapUsed":6943952,"rss":20967424},"message":"Info CLUSTER_HEALTH_CHECK","restartCount":0,"timestamp":"2025-09-09T11:30:31.243Z","totalWorkers":4,"uptime":3871.5788069}
{"activeWorkers":4,"level":"info","memoryUsage":{"arrayBuffers":29079,"external":1922680,"heapTotal":8712192,"heapUsed":6964832,"rss":20987904},"message":"Info CLUSTER_HEALTH_CHECK","restartCount":0,"timestamp":"2025-09-09T11:31:01.248Z","totalWorkers":4,"uptime":3901.5836767}
{"activeWorkers":4,"level":"info","memoryUsage":{"arrayBuffers":29079,"external":1922680,"heapTotal":8712192,"heapUsed":6985488,"rss":20983808},"message":"Info CLUSTER_HEALTH_CHECK","restartCount":0,"timestamp":"2025-09-09T11:31:31.256Z","totalWorkers":4,"uptime":3931.5917628}
{"activeWorkers":4,"level":"info","memoryUsage":{"arrayBuffers":29079,"external":1922680,"heapTotal":8712192,"heapUsed":7006144,"rss":21012480},"message":"Info CLUSTER_HEALTH_CHECK","restartCount":0,"timestamp":"2025-09-09T11:32:01.266Z","totalWorkers":4,"uptime":3961.6024391}
{"activeWorkers":4,"level":"info","memoryUsage":{"arrayBuffers":29079,"external":1922680,"heapTotal":8712192,"heapUsed":7026808,"rss":21028864},"message":"Info CLUSTER_HEALTH_CHECK","restartCount":0,"timestamp":"2025-09-09T11:32:31.268Z","totalWorkers":4,"uptime":3991.6046058}
{"activeWorkers":4,"level":"info","memoryUsage":{"arrayBuffers":29079,"external":1922680,"heapTotal":8712192,"heapUsed":7047416,"rss":21045248},"message":"Info CLUSTER_HEALTH_CHECK","restartCount":0,"timestamp":"2025-09-09T11:33:01.282Z","totalWorkers":4,"uptime":4021.6184551}
{"activeWorkers":4,"level":"info","memoryUsage":{"arrayBuffers":29079,"external":1922680,"heapTotal":8712192,"heapUsed":7068024,"rss":21061632},"message":"Info CLUSTER_HEALTH_CHECK","restartCount":0,"timestamp":"2025-09-09T11:33:31.288Z","totalWorkers":4,"uptime":4051.6245532}
{"activeWorkers":4,"level":"info","memoryUsage":{"arrayBuffers":29079,"external":1922680,"heapTotal":8712192,"heapUsed":7088632,"rss":21069824},"message":"Info CLUSTER_HEALTH_CHECK","restartCount":0,"timestamp":"2025-09-09T11:34:01.292Z","totalWorkers":4,"uptime":4081.6283437}
{"activeWorkers":4,"level":"info","memoryUsage":{"arrayBuffers":29079,"external":1922680,"heapTotal":8712192,"heapUsed":7109264,"rss":21069824},"message":"Info CLUSTER_HEALTH_CHECK","restartCount":0,"timestamp":"2025-09-09T11:34:31.302Z","totalWorkers":4,"uptime":4111.6376698}
{"activeWorkers":4,"level":"info","memoryUsage":{"arrayBuffers":29079,"external":1922680,"heapTotal":8712192,"heapUsed":7129896,"rss":21069824},"message":"Info CLUSTER_HEALTH_CHECK","restartCount":0,"timestamp":"2025-09-09T11:35:01.307Z","totalWorkers":4,"uptime":4141.6426896}
{"activeWorkers":4,"level":"info","memoryUsage":{"arrayBuffers":29079,"external":1922680,"heapTotal":8712192,"heapUsed":7150528,"rss":20951040},"message":"Info CLUSTER_HEALTH_CHECK","restartCount":0,"timestamp":"2025-09-09T11:35:31.324Z","totalWorkers":4,"uptime":4171.6604141}
{"activeWorkers":4,"level":"info","memoryUsage":{"arrayBuffers":29079,"external":1922680,"heapTotal":8712192,"heapUsed":7171184,"rss":20951040},"message":"Info CLUSTER_HEALTH_CHECK","restartCount":0,"timestamp":"2025-09-09T11:36:01.350Z","totalWorkers":4,"uptime":4201.6864643}
{"activeWorkers":4,"level":"info","memoryUsage":{"arrayBuffers":29079,"external":1922680,"heapTotal":8712192,"heapUsed":7191864,"rss":20951040},"message":"Info CLUSTER_HEALTH_CHECK","restartCount":0,"timestamp":"2025-09-09T11:36:31.458Z","totalWorkers":4,"uptime":4231.7949297}
{"activeWorkers":4,"level":"info","memoryUsage":{"arrayBuffers":29079,"external":1922680,"heapTotal":8712192,"heapUsed":7212544,"rss":20951040},"message":"Info CLUSTER_HEALTH_CHECK","restartCount":0,"timestamp":"2025-09-09T11:37:01.466Z","totalWorkers":4,"uptime":4261.8023053}
{"activeWorkers":4,"level":"info","memoryUsage":{"arrayBuffers":29079,"external":1922680,"heapTotal":8712192,"heapUsed":7233224,"rss":20951040},"message":"Info CLUSTER_HEALTH_CHECK","restartCount":0,"timestamp":"2025-09-09T11:37:31.472Z","totalWorkers":4,"uptime":4291.8085022}
{"activeWorkers":4,"level":"info","memoryUsage":{"arrayBuffers":29079,"external":1922680,"heapTotal":8712192,"heapUsed":7253904,"rss":20951040},"message":"Info CLUSTER_HEALTH_CHECK","restartCount":0,"timestamp":"2025-09-09T11:38:01.484Z","totalWorkers":4,"uptime":4321.8204006}
{"activeWorkers":4,"level":"info","memoryUsage":{"arrayBuffers":29079,"external":1922680,"heapTotal":8712192,"heapUsed":7274584,"rss":20951040},"message":"Info CLUSTER_HEALTH_CHECK","restartCount":0,"timestamp":"2025-09-09T11:38:31.487Z","totalWorkers":4,"uptime":4351.8237746}
{"activeWorkers":4,"level":"info","memoryUsage":{"arrayBuffers":29079,"external":1922680,"heapTotal":8712192,"heapUsed":7295272,"rss":20959232},"message":"Info CLUSTER_HEALTH_CHECK","restartCount":0,"timestamp":"2025-09-09T11:39:01.500Z","totalWorkers":4,"uptime":4381.8365393}
{"activeWorkers":4,"level":"info","memoryUsage":{"arrayBuffers":29079,"external":1922680,"heapTotal":8712192,"heapUsed":7315904,"rss":20971520},"message":"Info CLUSTER_HEALTH_CHECK","restartCount":0,"timestamp":"2025-09-09T11:39:31.516Z","totalWorkers":4,"uptime":4411.8519447}
{"activeWorkers":4,"level":"info","memoryUsage":{"arrayBuffers":29079,"external":1922680,"heapTotal":8712192,"heapUsed":7336536,"rss":20983808},"message":"Info CLUSTER_HEALTH_CHECK","restartCount":0,"timestamp":"2025-09-09T11:40:01.525Z","totalWorkers":4,"uptime":4441.8615604}
{"activeWorkers":4,"level":"info","memoryUsage":{"arrayBuffers":29079,"external":1922680,"heapTotal":8712192,"heapUsed":7357192,"rss":18169856},"message":"Info CLUSTER_HEALTH_CHECK","restartCount":0,"timestamp":"2025-09-09T11:40:31.540Z","totalWorkers":4,"uptime":4471.8758475}
{"activeWorkers":4,"level":"info","memoryUsage":{"arrayBuffers":29079,"external":1922680,"heapTotal":8712192,"heapUsed":7377848,"rss":18198528},"message":"Info CLUSTER_HEALTH_CHECK","restartCount":0,"timestamp":"2025-09-09T11:41:01.546Z","totalWorkers":4,"uptime":4501.8816507}
{"activeWorkers":4,"level":"info","memoryUsage":{"arrayBuffers":29079,"external":1922680,"heapTotal":8712192,"heapUsed":7398504,"rss":18223104},"message":"Info CLUSTER_HEALTH_CHECK","restartCount":0,"timestamp":"2025-09-09T11:41:31.598Z","totalWorkers":4,"uptime":4531.9343044}
{"activeWorkers":4,"level":"info","memoryUsage":{"arrayBuffers":29079,"external":1922680,"heapTotal":8712192,"heapUsed":7419192,"rss":18251776},"message":"Info CLUSTER_HEALTH_CHECK","restartCount":0,"timestamp":"2025-09-09T11:42:01.621Z","totalWorkers":4,"uptime":4561.9573073}
{"activeWorkers":4,"level":"info","memoryUsage":{"arrayBuffers":29079,"external":1922680,"heapTotal":8712192,"heapUsed":7439824,"rss":18272256},"message":"Info CLUSTER_HEALTH_CHECK","restartCount":0,"timestamp":"2025-09-09T11:42:31.633Z","totalWorkers":4,"uptime":4591.9692628}
{"activeWorkers":4,"level":"info","memoryUsage":{"arrayBuffers":29079,"external":1922680,"heapTotal":8712192,"heapUsed":7460432,"rss":18296832},"message":"Info CLUSTER_HEALTH_CHECK","restartCount":0,"timestamp":"2025-09-09T11:43:01.645Z","totalWorkers":4,"uptime":4621.980838}
{"activeWorkers":4,"level":"info","memoryUsage":{"arrayBuffers":29079,"external":1922680,"heapTotal":8712192,"heapUsed":7481088,"rss":18317312},"message":"Info CLUSTER_HEALTH_CHECK","restartCount":0,"timestamp":"2025-09-09T11:43:31.650Z","totalWorkers":4,"uptime":4651.9859082}
{"activeWorkers":4,"level":"info","memoryUsage":{"arrayBuffers":37271,"external":1930872,"heapTotal":8712192,"heapUsed":7501968,"rss":18399232},"message":"Info CLUSTER_HEALTH_CHECK","restartCount":0,"timestamp":"2025-09-09T11:44:01.661Z","totalWorkers":4,"uptime":4681.997023}
{"activeWorkers":4,"level":"info","memoryUsage":{"arrayBuffers":37271,"external":1930872,"heapTotal":8712192,"heapUsed":7522624,"rss":18423808},"message":"Info CLUSTER_HEALTH_CHECK","restartCount":0,"timestamp":"2025-09-09T11:44:31.676Z","totalWorkers":4,"uptime":4712.0121215}
{"activeWorkers":4,"level":"info","memoryUsage":{"arrayBuffers":37271,"external":1930872,"heapTotal":8712192,"heapUsed":7543232,"rss":18464768},"message":"Info CLUSTER_HEALTH_CHECK","restartCount":0,"timestamp":"2025-09-09T11:45:01.681Z","totalWorkers":4,"uptime":4742.0170435}
{"activeWorkers":4,"level":"info","memoryUsage":{"arrayBuffers":37271,"external":1930872,"heapTotal":8712192,"heapUsed":7563864,"rss":18399232},"message":"Info CLUSTER_HEALTH_CHECK","restartCount":0,"timestamp":"2025-09-09T11:45:31.696Z","totalWorkers":4,"uptime":4772.0328279}
{"activeWorkers":4,"level":"info","memoryUsage":{"arrayBuffers":37271,"external":1930872,"heapTotal":8712192,"heapUsed":7584496,"rss":18427904},"message":"Info CLUSTER_HEALTH_CHECK","restartCount":0,"timestamp":"2025-09-09T11:46:01.721Z","totalWorkers":4,"uptime":4802.0579437}
{"activeWorkers":4,"level":"info","memoryUsage":{"arrayBuffers":37271,"external":1930872,"heapTotal":8712192,"heapUsed":7605152,"rss":18452480},"message":"Info CLUSTER_HEALTH_CHECK","restartCount":0,"timestamp":"2025-09-09T11:46:31.753Z","totalWorkers":4,"uptime":4832.0720312}
{"activeWorkers":4,"level":"info","memoryUsage":{"arrayBuffers":20887,"external":1930872,"heapTotal":8712192,"heapUsed":6804000,"rss":19193856},"message":"Info CLUSTER_HEALTH_CHECK","restartCount":0,"timestamp":"2025-09-09T11:47:01.742Z","totalWorkers":4,"uptime":4862.0781823}
{"activeWorkers":4,"level":"info","memoryUsage":{"arrayBuffers":20887,"external":1930872,"heapTotal":8712192,"heapUsed":6824632,"rss":19218432},"message":"Info CLUSTER_HEALTH_CHECK","restartCount":0,"timestamp":"2025-09-09T11:47:31.787Z","totalWorkers":4,"uptime":4892.1235109}
{"activeWorkers":4,"level":"info","memoryUsage":{"arrayBuffers":20887,"external":1930872,"heapTotal":8712192,"heapUsed":6845264,"rss":19234816},"message":"Info CLUSTER_HEALTH_CHECK","restartCount":0,"timestamp":"2025-09-09T11:48:01.797Z","totalWorkers":4,"uptime":4922.1340382}
{"activeWorkers":4,"level":"info","memoryUsage":{"arrayBuffers":20887,"external":1930872,"heapTotal":8712192,"heapUsed":6865896,"rss":19255296},"message":"Info CLUSTER_HEALTH_CHECK","restartCount":0,"timestamp":"2025-09-09T11:48:31.811Z","totalWorkers":4,"uptime":4952.1475265}
{"activeWorkers":4,"level":"info","memoryUsage":{"arrayBuffers":20887,"external":1930872,"heapTotal":8712192,"heapUsed":6886504,"rss":19275776},"message":"Info CLUSTER_HEALTH_CHECK","restartCount":0,"timestamp":"2025-09-09T11:49:01.822Z","totalWorkers":4,"uptime":4982.1589811}
{"activeWorkers":4,"level":"info","memoryUsage":{"arrayBuffers":20887,"external":1930872,"heapTotal":8712192,"heapUsed":6907112,"rss":19296256},"message":"Info CLUSTER_HEALTH_CHECK","restartCount":0,"timestamp":"2025-09-09T11:49:31.823Z","totalWorkers":4,"uptime":5012.1596222}
{"activeWorkers":4,"level":"info","memoryUsage":{"arrayBuffers":20887,"external":1930872,"heapTotal":8712192,"heapUsed":6927768,"rss":19320832},"message":"Info CLUSTER_HEALTH_CHECK","restartCount":0,"timestamp":"2025-09-09T11:50:01.830Z","totalWorkers":4,"uptime":5042.1665703}
{"activeWorkers":4,"level":"info","memoryUsage":{"arrayBuffers":20887,"external":1930872,"heapTotal":8712192,"heapUsed":6948400,"rss":19341312},"message":"Info CLUSTER_HEALTH_CHECK","restartCount":0,"timestamp":"2025-09-09T11:50:31.837Z","totalWorkers":4,"uptime":5072.1734291}
{"activeWorkers":4,"level":"info","memoryUsage":{"arrayBuffers":20887,"external":1930872,"heapTotal":8712192,"heapUsed":6969008,"rss":19365888},"message":"Info CLUSTER_HEALTH_CHECK","restartCount":0,"timestamp":"2025-09-09T11:51:01.847Z","totalWorkers":4,"uptime":5102.1835546}
{"activeWorkers":4,"level":"info","memoryUsage":{"arrayBuffers":20887,"external":1930872,"heapTotal":8712192,"heapUsed":6989640,"rss":19390464},"message":"Info CLUSTER_HEALTH_CHECK","restartCount":0,"timestamp":"2025-09-09T11:51:31.851Z","totalWorkers":4,"uptime":5132.1870904}
{"activeWorkers":4,"level":"info","memoryUsage":{"arrayBuffers":20887,"external":1930872,"heapTotal":8712192,"heapUsed":7010248,"rss":19410944},"message":"Info CLUSTER_HEALTH_CHECK","restartCount":0,"timestamp":"2025-09-09T11:52:01.854Z","totalWorkers":4,"uptime":5162.1901742}
{"activeWorkers":4,"level":"info","memoryUsage":{"arrayBuffers":20887,"external":1930872,"heapTotal":8712192,"heapUsed":7030952,"rss":19427328},"message":"Info CLUSTER_HEALTH_CHECK","restartCount":0,"timestamp":"2025-09-09T11:52:31.863Z","totalWorkers":4,"uptime":5192.1995032}
{"activeWorkers":4,"level":"info","memoryUsage":{"arrayBuffers":20887,"external":1930872,"heapTotal":8712192,"heapUsed":7051632,"rss":19447808},"message":"Info CLUSTER_HEALTH_CHECK","restartCount":0,"timestamp":"2025-09-09T11:53:01.864Z","totalWorkers":4,"uptime":5222.1999529}
{"activeWorkers":4,"level":"info","memoryUsage":{"arrayBuffers":20887,"external":1930872,"heapTotal":8712192,"heapUsed":7072288,"rss":19472384},"message":"Info CLUSTER_HEALTH_CHECK","restartCount":0,"timestamp":"2025-09-09T11:53:31.871Z","totalWorkers":4,"uptime":5252.2068383}
{"activeWorkers":4,"level":"info","memoryUsage":{"arrayBuffers":20887,"external":1930872,"heapTotal":8712192,"heapUsed":7092896,"rss":19492864},"message":"Info CLUSTER_HEALTH_CHECK","restartCount":0,"timestamp":"2025-09-09T11:54:01.876Z","totalWorkers":4,"uptime":5282.211908}
{"activeWorkers":4,"level":"info","memoryUsage":{"arrayBuffers":20887,"external":1930872,"heapTotal":8712192,"heapUsed":7113552,"rss":19513344},"message":"Info CLUSTER_HEALTH_CHECK","restartCount":0,"timestamp":"2025-09-09T11:54:31.886Z","totalWorkers":4,"uptime":5312.2223928}
{"activeWorkers":4,"level":"info","memoryUsage":{"arrayBuffers":20887,"external":1930872,"heapTotal":8712192,"heapUsed":7134208,"rss":19533824},"message":"Info CLUSTER_HEALTH_CHECK","restartCount":0,"timestamp":"2025-09-09T11:55:01.898Z","totalWorkers":4,"uptime":5342.2337934}
{"activeWorkers":4,"level":"info","memoryUsage":{"arrayBuffers":20887,"external":1930872,"heapTotal":8712192,"heapUsed":7154816,"rss":19554304},"message":"Info CLUSTER_HEALTH_CHECK","restartCount":0,"timestamp":"2025-09-09T11:55:31.908Z","totalWorkers":4,"uptime":5372.2442885}
{"activeWorkers":4,"level":"info","memoryUsage":{"arrayBuffers":20887,"external":1930872,"heapTotal":8712192,"heapUsed":7175424,"rss":19574784},"message":"Info CLUSTER_HEALTH_CHECK","restartCount":0,"timestamp":"2025-09-09T11:56:01.912Z","totalWorkers":4,"uptime":5402.2478419}
{"activeWorkers":4,"level":"info","memoryUsage":{"arrayBuffers":20887,"external":1930872,"heapTotal":8712192,"heapUsed":7196080,"rss":19595264},"message":"Info CLUSTER_HEALTH_CHECK","restartCount":0,"timestamp":"2025-09-09T11:56:31.917Z","totalWorkers":4,"uptime":5432.253091}
{"activeWorkers":4,"level":"info","memoryUsage":{"arrayBuffers":29079,"external":1922680,"heapTotal":8712192,"heapUsed":7216960,"rss":19619840},"message":"Info CLUSTER_HEALTH_CHECK","restartCount":0,"timestamp":"2025-09-09T11:57:01.919Z","totalWorkers":4,"uptime":5462.2546589}
{"activeWorkers":4,"level":"info","memoryUsage":{"arrayBuffers":29079,"external":1922680,"heapTotal":8712192,"heapUsed":7237568,"rss":19640320},"message":"Info CLUSTER_HEALTH_CHECK","restartCount":0,"timestamp":"2025-09-09T11:57:31.940Z","totalWorkers":4,"uptime":5492.2765846}
{"activeWorkers":4,"level":"info","memoryUsage":{"arrayBuffers":29079,"external":1922680,"heapTotal":8712192,"heapUsed":7258224,"rss":19660800},"message":"Info CLUSTER_HEALTH_CHECK","restartCount":0,"timestamp":"2025-09-09T11:58:01.955Z","totalWorkers":4,"uptime":5522.2909587}
{"activeWorkers":4,"level":"info","memoryUsage":{"arrayBuffers":29079,"external":1922680,"heapTotal":8712192,"heapUsed":7278880,"rss":19681280},"message":"Info CLUSTER_HEALTH_CHECK","restartCount":0,"timestamp":"2025-09-09T11:58:31.968Z","totalWorkers":4,"uptime":5552.3043433}
{"activeWorkers":4,"level":"info","memoryUsage":{"arrayBuffers":29079,"external":1922680,"heapTotal":8712192,"heapUsed":7299600,"rss":19697664},"message":"Info CLUSTER_HEALTH_CHECK","restartCount":0,"timestamp":"2025-09-09T11:59:01.975Z","totalWorkers":4,"uptime":5582.3113236}
{"activeWorkers":4,"level":"info","memoryUsage":{"arrayBuffers":29079,"external":1922680,"heapTotal":8712192,"heapUsed":7320208,"rss":19722240},"message":"Info CLUSTER_HEALTH_CHECK","restartCount":0,"timestamp":"2025-09-09T11:59:31.989Z","totalWorkers":4,"uptime":5612.3246539}
{"activeWorkers":4,"level":"info","memoryUsage":{"arrayBuffers":29079,"external":1922680,"heapTotal":8712192,"heapUsed":7340920,"rss":19742720},"message":"Info CLUSTER_HEALTH_CHECK","restartCount":0,"timestamp":"2025-09-09T12:00:02.000Z","totalWorkers":4,"uptime":5642.336328}
{"activeWorkers":4,"level":"info","memoryUsage":{"arrayBuffers":29079,"external":1922680,"heapTotal":8712192,"heapUsed":7361576,"rss":19734528},"message":"Info CLUSTER_HEALTH_CHECK","restartCount":0,"timestamp":"2025-09-09T12:00:32.002Z","totalWorkers":4,"uptime":5672.3386277}
{"activeWorkers":4,"level":"info","memoryUsage":{"arrayBuffers":29079,"external":1922680,"heapTotal":8712192,"heapUsed":7382184,"rss":19755008},"message":"Info CLUSTER_HEALTH_CHECK","restartCount":0,"timestamp":"2025-09-09T12:01:02.015Z","totalWorkers":4,"uptime":5702.3517523}
{"activeWorkers":4,"level":"info","memoryUsage":{"arrayBuffers":29079,"external":1922680,"heapTotal":8712192,"heapUsed":7402840,"rss":19775488},"message":"Info CLUSTER_HEALTH_CHECK","restartCount":0,"timestamp":"2025-09-09T12:01:32.022Z","totalWorkers":4,"uptime":5732.3584949}
{"activeWorkers":4,"level":"info","memoryUsage":{"arrayBuffers":29079,"external":1922680,"heapTotal":8712192,"heapUsed":7423496,"rss":19795968},"message":"Info CLUSTER_HEALTH_CHECK","restartCount":0,"timestamp":"2025-09-09T12:02:02.023Z","totalWorkers":4,"uptime":5762.358778}
{"activeWorkers":4,"level":"info","memoryUsage":{"arrayBuffers":29079,"external":1922680,"heapTotal":8712192,"heapUsed":7444104,"rss":19816448},"message":"Info CLUSTER_HEALTH_CHECK","restartCount":0,"timestamp":"2025-09-09T12:02:32.029Z","totalWorkers":4,"uptime":5792.3654814}
{"activeWorkers":4,"level":"info","memoryUsage":{"arrayBuffers":29079,"external":1922680,"heapTotal":8712192,"heapUsed":7464712,"rss":19841024},"message":"Info CLUSTER_HEALTH_CHECK","restartCount":0,"timestamp":"2025-09-09T12:03:02.037Z","totalWorkers":4,"uptime":5822.3730304}
{"activeWorkers":4,"level":"info","memoryUsage":{"arrayBuffers":29079,"external":1922680,"heapTotal":8712192,"heapUsed":7496936,"rss":20631552},"message":"Info CLUSTER_HEALTH_CHECK","restartCount":0,"timestamp":"2025-09-09T12:03:32.074Z","totalWorkers":4,"uptime":5852.4106282}
{"activeWorkers":4,"level":"info","memoryUsage":{"arrayBuffers":29079,"external":1922680,"heapTotal":8712192,"heapUsed":7517544,"rss":20652032},"message":"Info CLUSTER_HEALTH_CHECK","restartCount":0,"timestamp":"2025-09-09T12:04:02.086Z","totalWorkers":4,"uptime":5882.4223386}
{"activeWorkers":4,"level":"info","memoryUsage":{"arrayBuffers":29079,"external":1922680,"heapTotal":8712192,"heapUsed":7538152,"rss":20672512},"message":"Info CLUSTER_HEALTH_CHECK","restartCount":0,"timestamp":"2025-09-09T12:04:32.090Z","totalWorkers":4,"uptime":5912.4263791}
{"activeWorkers":4,"level":"info","memoryUsage":{"arrayBuffers":29079,"external":1922680,"heapTotal":8712192,"heapUsed":7558832,"rss":20692992},"message":"Info CLUSTER_HEALTH_CHECK","restartCount":0,"timestamp":"2025-09-09T12:05:02.097Z","totalWorkers":4,"uptime":5942.4335872}
{"activeWorkers":4,"level":"info","memoryUsage":{"arrayBuffers":29079,"external":1922680,"heapTotal":8712192,"heapUsed":7579488,"rss":20422656},"message":"Info CLUSTER_HEALTH_CHECK","restartCount":0,"timestamp":"2025-09-09T12:05:32.105Z","totalWorkers":4,"uptime":5972.4418343}
{"activeWorkers":4,"level":"info","memoryUsage":{"arrayBuffers":29079,"external":1922680,"heapTotal":8712192,"heapUsed":7600096,"rss":20443136},"message":"Info CLUSTER_HEALTH_CHECK","restartCount":0,"timestamp":"2025-09-09T12:06:02.117Z","totalWorkers":4,"uptime":6002.4510352}
{"activeWorkers":4,"level":"info","memoryUsage":{"arrayBuffers":20887,"external":1922680,"heapTotal":8712192,"heapUsed":6789336,"rss":20492288},"message":"Info CLUSTER_HEALTH_CHECK","restartCount":0,"timestamp":"2025-09-09T12:06:32.121Z","totalWorkers":4,"uptime":6032.4577432}
{"activeWorkers":4,"level":"info","memoryUsage":{"arrayBuffers":20887,"external":1922680,"heapTotal":8712192,"heapUsed":6810016,"rss":20500480},"message":"Info CLUSTER_HEALTH_CHECK","restartCount":0,"timestamp":"2025-09-09T12:07:02.139Z","totalWorkers":4,"uptime":6062.4757779}
{"activeWorkers":4,"level":"info","memoryUsage":{"arrayBuffers":20887,"external":1922680,"heapTotal":8712192,"heapUsed":6830648,"rss":20500480},"message":"Info CLUSTER_HEALTH_CHECK","restartCount":0,"timestamp":"2025-09-09T12:07:32.148Z","totalWorkers":4,"uptime":6092.4846823}
{"activeWorkers":4,"level":"info","memoryUsage":{"arrayBuffers":20887,"external":1922680,"heapTotal":8712192,"heapUsed":6851232,"rss":20500480},"message":"Info CLUSTER_HEALTH_CHECK","restartCount":0,"timestamp":"2025-09-09T12:08:02.159Z","totalWorkers":4,"uptime":6122.4955527}
{"activeWorkers":4,"level":"info","memoryUsage":{"arrayBuffers":20887,"external":1922680,"heapTotal":8712192,"heapUsed":6871816,"rss":20504576},"message":"Info CLUSTER_HEALTH_CHECK","restartCount":0,"timestamp":"2025-09-09T12:08:32.173Z","totalWorkers":4,"uptime":6152.5099511}
{"activeWorkers":4,"level":"info","memoryUsage":{"arrayBuffers":20887,"external":1922680,"heapTotal":8712192,"heapUsed":6892424,"rss":20529152},"message":"Info CLUSTER_HEALTH_CHECK","restartCount":0,"timestamp":"2025-09-09T12:09:02.177Z","totalWorkers":4,"uptime":6182.5134107}
{"activeWorkers":4,"level":"info","memoryUsage":{"arrayBuffers":20887,"external":1922680,"heapTotal":8712192,"heapUsed":6913056,"rss":20549632},"message":"Info CLUSTER_HEALTH_CHECK","restartCount":0,"timestamp":"2025-09-09T12:09:32.191Z","totalWorkers":4,"uptime":6212.5283179}
{"activeWorkers":4,"level":"info","memoryUsage":{"arrayBuffers":29079,"external":1922680,"heapTotal":8712192,"heapUsed":6933888,"rss":20574208},"message":"Info CLUSTER_HEALTH_CHECK","restartCount":0,"timestamp":"2025-09-09T12:10:02.201Z","totalWorkers":4,"uptime":6242.5375507}
{"activeWorkers":4,"level":"info","memoryUsage":{"arrayBuffers":29079,"external":1922680,"heapTotal":8712192,"heapUsed":6954544,"rss":20160512},"message":"Info CLUSTER_HEALTH_CHECK","restartCount":0,"timestamp":"2025-09-09T12:10:32.211Z","totalWorkers":4,"uptime":6272.547822}
{"activeWorkers":4,"level":"info","memoryUsage":{"arrayBuffers":29079,"external":1922680,"heapTotal":8712192,"heapUsed":6975176,"rss":20180992},"message":"Info CLUSTER_HEALTH_CHECK","restartCount":0,"timestamp":"2025-09-09T12:11:02.216Z","totalWorkers":4,"uptime":6302.5521758}
{"activeWorkers":4,"level":"info","memoryUsage":{"arrayBuffers":29079,"external":1922680,"heapTotal":8712192,"heapUsed":6995832,"rss":20201472},"message":"Info CLUSTER_HEALTH_CHECK","restartCount":0,"timestamp":"2025-09-09T12:11:32.231Z","totalWorkers":4,"uptime":6332.5672867}
{"activeWorkers":4,"level":"info","memoryUsage":{"arrayBuffers":29079,"external":1922680,"heapTotal":8712192,"heapUsed":7016488,"rss":20226048},"message":"Info CLUSTER_HEALTH_CHECK","restartCount":0,"timestamp":"2025-09-09T12:12:02.232Z","totalWorkers":4,"uptime":6362.5680756}
{"activeWorkers":4,"level":"info","memoryUsage":{"arrayBuffers":29079,"external":1922680,"heapTotal":8712192,"heapUsed":7037096,"rss":20246528},"message":"Info CLUSTER_HEALTH_CHECK","restartCount":0,"timestamp":"2025-09-09T12:12:32.241Z","totalWorkers":4,"uptime":6392.5773555}
{"activeWorkers":4,"level":"info","memoryUsage":{"arrayBuffers":29079,"external":1922680,"heapTotal":8712192,"heapUsed":7058448,"rss":20426752},"message":"Info CLUSTER_HEALTH_CHECK","restartCount":0,"timestamp":"2025-09-09T12:13:02.256Z","totalWorkers":4,"uptime":6422.591901}
{"activeWorkers":4,"level":"info","memoryUsage":{"arrayBuffers":29079,"external":1922680,"heapTotal":8712192,"heapUsed":7079128,"rss":20447232},"message":"Info CLUSTER_HEALTH_CHECK","restartCount":0,"timestamp":"2025-09-09T12:13:32.262Z","totalWorkers":4,"uptime":6452.5983436}
{"activeWorkers":4,"level":"info","memoryUsage":{"arrayBuffers":29079,"external":1922680,"heapTotal":8712192,"heapUsed":7099784,"rss":20471808},"message":"Info CLUSTER_HEALTH_CHECK","restartCount":0,"timestamp":"2025-09-09T12:14:02.269Z","totalWorkers":4,"uptime":6482.6049253}
{"activeWorkers":4,"level":"info","memoryUsage":{"arrayBuffers":29079,"external":1922680,"heapTotal":8712192,"heapUsed":7120392,"rss":20500480},"message":"Info CLUSTER_HEALTH_CHECK","restartCount":0,"timestamp":"2025-09-09T12:14:32.284Z","totalWorkers":4,"uptime":6512.6200058}
{"activeWorkers":4,"level":"info","memoryUsage":{"arrayBuffers":29079,"external":1922680,"heapTotal":8712192,"heapUsed":7141000,"rss":20520960},"message":"Info CLUSTER_HEALTH_CHECK","restartCount":0,"timestamp":"2025-09-09T12:15:02.295Z","totalWorkers":4,"uptime":6542.6321096}
{"activeWorkers":4,"level":"info","memoryUsage":{"arrayBuffers":29079,"external":1922680,"heapTotal":8712192,"heapUsed":7161608,"rss":20398080},"message":"Info CLUSTER_HEALTH_CHECK","restartCount":0,"timestamp":"2025-09-09T12:15:32.302Z","totalWorkers":4,"uptime":6572.6389736}
{"activeWorkers":4,"level":"info","memoryUsage":{"arrayBuffers":29079,"external":1922680,"heapTotal":8712192,"heapUsed":7182296,"rss":20418560},"message":"Info CLUSTER_HEALTH_CHECK","restartCount":0,"timestamp":"2025-09-09T12:16:02.310Z","totalWorkers":4,"uptime":6602.6459905}
{"activeWorkers":4,"level":"info","memoryUsage":{"arrayBuffers":29079,"external":1922680,"heapTotal":8712192,"heapUsed":7202904,"rss":20439040},"message":"Info CLUSTER_HEALTH_CHECK","restartCount":0,"timestamp":"2025-09-09T12:16:32.324Z","totalWorkers":4,"uptime":6632.6600131}
{"activeWorkers":4,"level":"info","memoryUsage":{"arrayBuffers":29079,"external":1922680,"heapTotal":8712192,"heapUsed":7223512,"rss":20459520},"message":"Info CLUSTER_HEALTH_CHECK","restartCount":0,"timestamp":"2025-09-09T12:17:02.337Z","totalWorkers":4,"uptime":6662.6728448}
{"activeWorkers":4,"level":"info","memoryUsage":{"arrayBuffers":29079,"external":1922680,"heapTotal":8712192,"heapUsed":7244168,"rss":20480000},"message":"Info CLUSTER_HEALTH_CHECK","restartCount":0,"timestamp":"2025-09-09T12:17:32.345Z","totalWorkers":4,"uptime":6692.6807951}
{"activeWorkers":4,"level":"info","memoryUsage":{"arrayBuffers":29079,"external":1922680,"heapTotal":8712192,"heapUsed":7264824,"rss":20500480},"message":"Info CLUSTER_HEALTH_CHECK","restartCount":0,"timestamp":"2025-09-09T12:18:02.347Z","totalWorkers":4,"uptime":6722.6833775}
{"activeWorkers":4,"level":"info","memoryUsage":{"arrayBuffers":29079,"external":1922680,"heapTotal":8712192,"heapUsed":7285432,"rss":20520960},"message":"Info CLUSTER_HEALTH_CHECK","restartCount":0,"timestamp":"2025-09-09T12:18:32.355Z","totalWorkers":4,"uptime":6752.6914173}
{"activeWorkers":4,"level":"info","memoryUsage":{"arrayBuffers":29079,"external":1922680,"heapTotal":8712192,"heapUsed":7306064,"rss":20537344},"message":"Info CLUSTER_HEALTH_CHECK","restartCount":0,"timestamp":"2025-09-09T12:19:02.360Z","totalWorkers":4,"uptime":6782.6959267}
{"activeWorkers":4,"level":"info","memoryUsage":{"arrayBuffers":29079,"external":1922680,"heapTotal":8712192,"heapUsed":7326672,"rss":20561920},"message":"Info CLUSTER_HEALTH_CHECK","restartCount":0,"timestamp":"2025-09-09T12:19:32.366Z","totalWorkers":4,"uptime":6812.7026703}
{"activeWorkers":4,"level":"info","memoryUsage":{"arrayBuffers":29079,"external":1922680,"heapTotal":8712192,"heapUsed":7347304,"rss":20582400},"message":"Info CLUSTER_HEALTH_CHECK","restartCount":0,"timestamp":"2025-09-09T12:20:02.368Z","totalWorkers":4,"uptime":6842.7048075}
{"activeWorkers":4,"level":"info","memoryUsage":{"arrayBuffers":29079,"external":1922680,"heapTotal":8712192,"heapUsed":7367968,"rss":18681856},"message":"Info CLUSTER_HEALTH_CHECK","restartCount":0,"timestamp":"2025-09-09T12:20:32.378Z","totalWorkers":4,"uptime":6872.7139069}
{"activeWorkers":4,"level":"info","memoryUsage":{"arrayBuffers":29079,"external":1922680,"heapTotal":8712192,"heapUsed":7388632,"rss":18706432},"message":"Info CLUSTER_HEALTH_CHECK","restartCount":0,"timestamp":"2025-09-09T12:21:02.385Z","totalWorkers":4,"uptime":6902.7216096}
{"activeWorkers":4,"level":"info","memoryUsage":{"arrayBuffers":29079,"external":1922680,"heapTotal":8712192,"heapUsed":7409288,"rss":18739200},"message":"Info CLUSTER_HEALTH_CHECK","restartCount":0,"timestamp":"2025-09-09T12:21:32.398Z","totalWorkers":4,"uptime":6932.7339467}
{"activeWorkers":4,"level":"info","memoryUsage":{"arrayBuffers":29079,"external":1922680,"heapTotal":8712192,"heapUsed":7429968,"rss":18767872},"message":"Info CLUSTER_HEALTH_CHECK","restartCount":0,"timestamp":"2025-09-09T12:22:02.403Z","totalWorkers":4,"uptime":6962.7391601}
{"activeWorkers":4,"level":"info","memoryUsage":{"arrayBuffers":29079,"external":1922680,"heapTotal":8712192,"heapUsed":7450600,"rss":18792448},"message":"Info CLUSTER_HEALTH_CHECK","restartCount":0,"timestamp":"2025-09-09T12:22:32.417Z","totalWorkers":4,"uptime":6992.7536862}
{"activeWorkers":4,"level":"info","memoryUsage":{"arrayBuffers":37271,"external":1930872,"heapTotal":8712192,"heapUsed":7471752,"rss":18841600},"message":"Info CLUSTER_HEALTH_CHECK","restartCount":0,"timestamp":"2025-09-09T12:23:02.421Z","totalWorkers":4,"uptime":7022.7574001}
{"activeWorkers":4,"level":"info","memoryUsage":{"arrayBuffers":37271,"external":1930872,"heapTotal":8712192,"heapUsed":7492408,"rss":18874368},"message":"Info CLUSTER_HEALTH_CHECK","restartCount":0,"timestamp":"2025-09-09T12:23:32.472Z","totalWorkers":4,"uptime":7052.8080738}
{"activeWorkers":4,"level":"info","memoryUsage":{"arrayBuffers":37271,"external":1930872,"heapTotal":8712192,"heapUsed":7513040,"rss":18903040},"message":"Info CLUSTER_HEALTH_CHECK","restartCount":0,"timestamp":"2025-09-09T12:24:02.477Z","totalWorkers":4,"uptime":7082.8128141}
{"activeWorkers":4,"level":"info","memoryUsage":{"arrayBuffers":37271,"external":1930872,"heapTotal":8712192,"heapUsed":7533696,"rss":18923520},"message":"Info CLUSTER_HEALTH_CHECK","restartCount":0,"timestamp":"2025-09-09T12:24:32.491Z","totalWorkers":4,"uptime":7112.8274603}
{"activeWorkers":4,"level":"info","memoryUsage":{"arrayBuffers":37271,"external":1930872,"heapTotal":8712192,"heapUsed":7554352,"rss":18944000},"message":"Info CLUSTER_HEALTH_CHECK","restartCount":0,"timestamp":"2025-09-09T12:25:02.493Z","totalWorkers":4,"uptime":7142.8296483}
{"activeWorkers":4,"level":"info","memoryUsage":{"arrayBuffers":37271,"external":1930872,"heapTotal":8712192,"heapUsed":7574984,"rss":18903040},"message":"Info CLUSTER_HEALTH_CHECK","restartCount":0,"timestamp":"2025-09-09T12:25:32.499Z","totalWorkers":4,"uptime":7172.8359446}
{"level":"warn","message":"Warning WORKER_DISCONNECTED","pid":6504,"timestamp":"2025-09-09T12:25:54.706Z","workerId":4}
{"code":3221225786,"level":"warn","message":"Warning WORKER_EXITED","pid":6504,"signal":null,"timestamp":"2025-09-09T12:25:54.728Z","uptime":7194535,"workerId":4}
{"delay":1000,"level":"info","message":"Info RESTARTING_WORKER","restartCount":1,"timestamp":"2025-09-09T12:25:54.773Z","totalRestarts":1,"workerId":4}
{"level":"warn","message":"Warning WORKER_DISCONNECTED","pid":12524,"timestamp":"2025-09-09T12:25:54.812Z","workerId":3}
